{"/home/caiogallo/projects/restaurant-orders/src/controllers/CustomerController.ts": {"path":"/home/caiogallo/projects/restaurant-orders/src/controllers/CustomerController.ts","statementMap":{"0":{"start":{"line":2,"column":0},"end":{"line":2,"column":58}},"1":{"start":{"line":6,"column":35},"end":{"line":6,"column":43}},"2":{"start":{"line":8,"column":4},"end":{"line":13,"column":5}},"3":{"start":{"line":9,"column":6},"end":{"line":11,"column":9}},"4":{"start":{"line":12,"column":6},"end":{"line":12,"column":13}},"5":{"start":{"line":15,"column":19},"end":{"line":15,"column":81}},"6":{"start":{"line":17,"column":4},"end":{"line":25,"column":5}},"7":{"start":{"line":18,"column":6},"end":{"line":18,"column":40}},"8":{"start":{"line":20,"column":6},"end":{"line":24,"column":7}},"9":{"start":{"line":21,"column":8},"end":{"line":21,"column":54}},"10":{"start":{"line":23,"column":8},"end":{"line":23,"column":54}},"11":{"start":{"line":30,"column":27},"end":{"line":30,"column":37}},"12":{"start":{"line":31,"column":17},"end":{"line":31,"column":56}},"13":{"start":{"line":32,"column":18},"end":{"line":32,"column":59}},"14":{"start":{"line":34,"column":19},"end":{"line":34,"column":83}},"15":{"start":{"line":36,"column":4},"end":{"line":43,"column":5}},"16":{"start":{"line":37,"column":6},"end":{"line":41,"column":7}},"17":{"start":{"line":38,"column":8},"end":{"line":38,"column":54}},"18":{"start":{"line":40,"column":8},"end":{"line":40,"column":54}},"19":{"start":{"line":42,"column":6},"end":{"line":42,"column":13}},"20":{"start":{"line":45,"column":4},"end":{"line":45,"column":33}},"21":{"start":{"line":49,"column":0},"end":{"line":49,"column":40}}},"fnMap":{"0":{"name":"(anonymous_1)","decl":{"start":{"line":5,"column":9},"end":{"line":5,"column":14}},"loc":{"start":{"line":5,"column":59},"end":{"line":26,"column":3}}},"1":{"name":"(anonymous_2)","decl":{"start":{"line":29,"column":9},"end":{"line":29,"column":14}},"loc":{"start":{"line":29,"column":62},"end":{"line":46,"column":3}}}},"branchMap":{"0":{"loc":{"start":{"line":8,"column":4},"end":{"line":13,"column":5}},"type":"if","locations":[{"start":{"line":8,"column":4},"end":{"line":13,"column":5}}]},"1":{"loc":{"start":{"line":8,"column":8},"end":{"line":8,"column":33}},"type":"binary-expr","locations":[{"start":{"line":8,"column":8},"end":{"line":8,"column":13}},{"start":{"line":8,"column":17},"end":{"line":8,"column":23}},{"start":{"line":8,"column":27},"end":{"line":8,"column":33}}]},"2":{"loc":{"start":{"line":17,"column":4},"end":{"line":25,"column":5}},"type":"if","locations":[{"start":{"line":17,"column":4},"end":{"line":25,"column":5}},{"start":{"line":19,"column":11},"end":{"line":25,"column":5}}]},"3":{"loc":{"start":{"line":20,"column":6},"end":{"line":24,"column":7}},"type":"if","locations":[{"start":{"line":20,"column":6},"end":{"line":24,"column":7}},{"start":{"line":22,"column":13},"end":{"line":24,"column":7}}]},"4":{"loc":{"start":{"line":31,"column":17},"end":{"line":31,"column":56}},"type":"binary-expr","locations":[{"start":{"line":31,"column":17},"end":{"line":31,"column":51}},{"start":{"line":31,"column":55},"end":{"line":31,"column":56}}]},"5":{"loc":{"start":{"line":32,"column":18},"end":{"line":32,"column":59}},"type":"binary-expr","locations":[{"start":{"line":32,"column":18},"end":{"line":32,"column":53}},{"start":{"line":32,"column":57},"end":{"line":32,"column":59}}]},"6":{"loc":{"start":{"line":36,"column":4},"end":{"line":43,"column":5}},"type":"if","locations":[{"start":{"line":36,"column":4},"end":{"line":43,"column":5}}]},"7":{"loc":{"start":{"line":36,"column":8},"end":{"line":36,"column":46}},"type":"binary-expr","locations":[{"start":{"line":36,"column":8},"end":{"line":36,"column":27}},{"start":{"line":36,"column":31},"end":{"line":36,"column":46}}]},"8":{"loc":{"start":{"line":37,"column":6},"end":{"line":41,"column":7}},"type":"if","locations":[{"start":{"line":37,"column":6},"end":{"line":41,"column":7}},{"start":{"line":39,"column":13},"end":{"line":41,"column":7}}]}},"s":{"0":1,"1":4,"2":4,"3":1,"4":1,"5":3,"6":3,"7":1,"8":2,"9":1,"10":1,"11":4,"12":4,"13":4,"14":4,"15":4,"16":2,"17":1,"18":1,"19":2,"20":2,"21":1},"f":{"0":4,"1":4},"b":{"0":[1],"1":[4,4,4],"2":[1,2],"3":[1,1],"4":[4,3],"5":[4,3],"6":[2],"7":[4,2],"8":[1,1]}}
,"/home/caiogallo/projects/restaurant-orders/src/controllers/MenuController.ts": {"path":"/home/caiogallo/projects/restaurant-orders/src/controllers/MenuController.ts","statementMap":{"0":{"start":{"line":2,"column":0},"end":{"line":2,"column":50}},"1":{"start":{"line":6,"column":51},"end":{"line":6,"column":59}},"2":{"start":{"line":8,"column":4},"end":{"line":13,"column":5}},"3":{"start":{"line":9,"column":6},"end":{"line":11,"column":9}},"4":{"start":{"line":12,"column":6},"end":{"line":12,"column":13}},"5":{"start":{"line":15,"column":19},"end":{"line":15,"column":88}},"6":{"start":{"line":17,"column":4},"end":{"line":27,"column":5}},"7":{"start":{"line":18,"column":6},"end":{"line":18,"column":40}},"8":{"start":{"line":20,"column":6},"end":{"line":26,"column":7}},"9":{"start":{"line":21,"column":8},"end":{"line":21,"column":54}},"10":{"start":{"line":22,"column":13},"end":{"line":26,"column":7}},"11":{"start":{"line":23,"column":8},"end":{"line":23,"column":54}},"12":{"start":{"line":25,"column":8},"end":{"line":25,"column":54}},"13":{"start":{"line":31,"column":21},"end":{"line":31,"column":49}},"14":{"start":{"line":32,"column":17},"end":{"line":32,"column":56}},"15":{"start":{"line":33,"column":18},"end":{"line":33,"column":59}},"16":{"start":{"line":35,"column":19},"end":{"line":35,"column":77}},"17":{"start":{"line":37,"column":4},"end":{"line":45,"column":5}},"18":{"start":{"line":38,"column":6},"end":{"line":38,"column":40}},"19":{"start":{"line":40,"column":6},"end":{"line":44,"column":7}},"20":{"start":{"line":41,"column":8},"end":{"line":41,"column":54}},"21":{"start":{"line":43,"column":8},"end":{"line":43,"column":54}},"22":{"start":{"line":49,"column":0},"end":{"line":49,"column":36}}},"fnMap":{"0":{"name":"(anonymous_1)","decl":{"start":{"line":5,"column":9},"end":{"line":5,"column":14}},"loc":{"start":{"line":5,"column":50},"end":{"line":28,"column":3}}},"1":{"name":"(anonymous_2)","decl":{"start":{"line":30,"column":9},"end":{"line":30,"column":14}},"loc":{"start":{"line":30,"column":52},"end":{"line":46,"column":3}}}},"branchMap":{"0":{"loc":{"start":{"line":8,"column":4},"end":{"line":13,"column":5}},"type":"if","locations":[{"start":{"line":8,"column":4},"end":{"line":13,"column":5}}]},"1":{"loc":{"start":{"line":8,"column":8},"end":{"line":8,"column":65}},"type":"binary-expr","locations":[{"start":{"line":8,"column":8},"end":{"line":8,"column":13}},{"start":{"line":8,"column":17},"end":{"line":8,"column":29}},{"start":{"line":8,"column":33},"end":{"line":8,"column":52}},{"start":{"line":8,"column":56},"end":{"line":8,"column":65}}]},"2":{"loc":{"start":{"line":17,"column":4},"end":{"line":27,"column":5}},"type":"if","locations":[{"start":{"line":17,"column":4},"end":{"line":27,"column":5}},{"start":{"line":19,"column":11},"end":{"line":27,"column":5}}]},"3":{"loc":{"start":{"line":20,"column":6},"end":{"line":26,"column":7}},"type":"if","locations":[{"start":{"line":20,"column":6},"end":{"line":26,"column":7}},{"start":{"line":22,"column":13},"end":{"line":26,"column":7}}]},"4":{"loc":{"start":{"line":22,"column":13},"end":{"line":26,"column":7}},"type":"if","locations":[{"start":{"line":22,"column":13},"end":{"line":26,"column":7}},{"start":{"line":24,"column":13},"end":{"line":26,"column":7}}]},"5":{"loc":{"start":{"line":32,"column":17},"end":{"line":32,"column":56}},"type":"binary-expr","locations":[{"start":{"line":32,"column":17},"end":{"line":32,"column":51}},{"start":{"line":32,"column":55},"end":{"line":32,"column":56}}]},"6":{"loc":{"start":{"line":33,"column":18},"end":{"line":33,"column":59}},"type":"binary-expr","locations":[{"start":{"line":33,"column":18},"end":{"line":33,"column":53}},{"start":{"line":33,"column":57},"end":{"line":33,"column":59}}]},"7":{"loc":{"start":{"line":37,"column":4},"end":{"line":45,"column":5}},"type":"if","locations":[{"start":{"line":37,"column":4},"end":{"line":45,"column":5}},{"start":{"line":39,"column":11},"end":{"line":45,"column":5}}]},"8":{"loc":{"start":{"line":40,"column":6},"end":{"line":44,"column":7}},"type":"if","locations":[{"start":{"line":40,"column":6},"end":{"line":44,"column":7}},{"start":{"line":42,"column":13},"end":{"line":44,"column":7}}]}},"s":{"0":1,"1":5,"2":5,"3":1,"4":1,"5":4,"6":4,"7":1,"8":3,"9":1,"10":2,"11":1,"12":1,"13":4,"14":4,"15":4,"16":4,"17":4,"18":2,"19":2,"20":1,"21":1,"22":1},"f":{"0":5,"1":4},"b":{"0":[1],"1":[5,5,5,4],"2":[1,3],"3":[1,2],"4":[1,1],"5":[4,3],"6":[4,3],"7":[2,2],"8":[1,1]}}
,"/home/caiogallo/projects/restaurant-orders/src/controllers/OrderController.ts": {"path":"/home/caiogallo/projects/restaurant-orders/src/controllers/OrderController.ts","statementMap":{"0":{"start":{"line":2,"column":0},"end":{"line":2,"column":52}},"1":{"start":{"line":6,"column":35},"end":{"line":6,"column":43}},"2":{"start":{"line":8,"column":4},"end":{"line":13,"column":5}},"3":{"start":{"line":9,"column":6},"end":{"line":11,"column":9}},"4":{"start":{"line":12,"column":6},"end":{"line":12,"column":13}},"5":{"start":{"line":15,"column":19},"end":{"line":15,"column":73}},"6":{"start":{"line":17,"column":4},"end":{"line":31,"column":5}},"7":{"start":{"line":18,"column":6},"end":{"line":18,"column":40}},"8":{"start":{"line":20,"column":6},"end":{"line":30,"column":7}},"9":{"start":{"line":21,"column":8},"end":{"line":21,"column":54}},"10":{"start":{"line":22,"column":13},"end":{"line":30,"column":7}},"11":{"start":{"line":27,"column":8},"end":{"line":27,"column":54}},"12":{"start":{"line":29,"column":8},"end":{"line":29,"column":54}},"13":{"start":{"line":35,"column":25},"end":{"line":35,"column":35}},"14":{"start":{"line":36,"column":23},"end":{"line":36,"column":31}},"15":{"start":{"line":38,"column":4},"end":{"line":43,"column":5}},"16":{"start":{"line":39,"column":6},"end":{"line":41,"column":9}},"17":{"start":{"line":42,"column":6},"end":{"line":42,"column":13}},"18":{"start":{"line":45,"column":19},"end":{"line":45,"column":73}},"19":{"start":{"line":47,"column":4},"end":{"line":57,"column":5}},"20":{"start":{"line":48,"column":6},"end":{"line":48,"column":40}},"21":{"start":{"line":50,"column":6},"end":{"line":56,"column":7}},"22":{"start":{"line":51,"column":8},"end":{"line":51,"column":54}},"23":{"start":{"line":52,"column":13},"end":{"line":56,"column":7}},"24":{"start":{"line":53,"column":8},"end":{"line":53,"column":54}},"25":{"start":{"line":55,"column":8},"end":{"line":55,"column":54}},"26":{"start":{"line":61,"column":25},"end":{"line":61,"column":35}},"27":{"start":{"line":62,"column":22},"end":{"line":62,"column":30}},"28":{"start":{"line":64,"column":4},"end":{"line":69,"column":5}},"29":{"start":{"line":65,"column":6},"end":{"line":67,"column":9}},"30":{"start":{"line":68,"column":6},"end":{"line":68,"column":13}},"31":{"start":{"line":71,"column":19},"end":{"line":71,"column":66}},"32":{"start":{"line":73,"column":4},"end":{"line":88,"column":5}},"33":{"start":{"line":74,"column":6},"end":{"line":74,"column":40}},"34":{"start":{"line":76,"column":6},"end":{"line":87,"column":7}},"35":{"start":{"line":77,"column":8},"end":{"line":77,"column":54}},"36":{"start":{"line":78,"column":13},"end":{"line":87,"column":7}},"37":{"start":{"line":84,"column":8},"end":{"line":84,"column":54}},"38":{"start":{"line":86,"column":8},"end":{"line":86,"column":54}},"39":{"start":{"line":92,"column":0},"end":{"line":92,"column":37}}},"fnMap":{"0":{"name":"(anonymous_1)","decl":{"start":{"line":5,"column":9},"end":{"line":5,"column":14}},"loc":{"start":{"line":5,"column":49},"end":{"line":32,"column":3}}},"1":{"name":"(anonymous_2)","decl":{"start":{"line":34,"column":9},"end":{"line":34,"column":14}},"loc":{"start":{"line":34,"column":55},"end":{"line":58,"column":3}}},"2":{"name":"(anonymous_3)","decl":{"start":{"line":60,"column":9},"end":{"line":60,"column":14}},"loc":{"start":{"line":60,"column":49},"end":{"line":89,"column":3}}}},"branchMap":{"0":{"loc":{"start":{"line":8,"column":4},"end":{"line":13,"column":5}},"type":"if","locations":[{"start":{"line":8,"column":4},"end":{"line":13,"column":5}}]},"1":{"loc":{"start":{"line":8,"column":8},"end":{"line":8,"column":77}},"type":"binary-expr","locations":[{"start":{"line":8,"column":8},"end":{"line":8,"column":20}},{"start":{"line":8,"column":24},"end":{"line":8,"column":30}},{"start":{"line":8,"column":34},"end":{"line":8,"column":55}},{"start":{"line":8,"column":59},"end":{"line":8,"column":77}}]},"2":{"loc":{"start":{"line":17,"column":4},"end":{"line":31,"column":5}},"type":"if","locations":[{"start":{"line":17,"column":4},"end":{"line":31,"column":5}},{"start":{"line":19,"column":11},"end":{"line":31,"column":5}}]},"3":{"loc":{"start":{"line":20,"column":6},"end":{"line":30,"column":7}},"type":"if","locations":[{"start":{"line":20,"column":6},"end":{"line":30,"column":7}},{"start":{"line":22,"column":13},"end":{"line":30,"column":7}}]},"4":{"loc":{"start":{"line":22,"column":13},"end":{"line":30,"column":7}},"type":"if","locations":[{"start":{"line":22,"column":13},"end":{"line":30,"column":7}},{"start":{"line":28,"column":13},"end":{"line":30,"column":7}}]},"5":{"loc":{"start":{"line":23,"column":8},"end":{"line":25,"column":56}},"type":"binary-expr","locations":[{"start":{"line":23,"column":8},"end":{"line":23,"column":62}},{"start":{"line":24,"column":8},"end":{"line":24,"column":76}},{"start":{"line":25,"column":8},"end":{"line":25,"column":56}}]},"6":{"loc":{"start":{"line":38,"column":4},"end":{"line":43,"column":5}},"type":"if","locations":[{"start":{"line":38,"column":4},"end":{"line":43,"column":5}}]},"7":{"loc":{"start":{"line":47,"column":4},"end":{"line":57,"column":5}},"type":"if","locations":[{"start":{"line":47,"column":4},"end":{"line":57,"column":5}},{"start":{"line":49,"column":11},"end":{"line":57,"column":5}}]},"8":{"loc":{"start":{"line":50,"column":6},"end":{"line":56,"column":7}},"type":"if","locations":[{"start":{"line":50,"column":6},"end":{"line":56,"column":7}},{"start":{"line":52,"column":13},"end":{"line":56,"column":7}}]},"9":{"loc":{"start":{"line":52,"column":13},"end":{"line":56,"column":7}},"type":"if","locations":[{"start":{"line":52,"column":13},"end":{"line":56,"column":7}},{"start":{"line":54,"column":13},"end":{"line":56,"column":7}}]},"10":{"loc":{"start":{"line":64,"column":4},"end":{"line":69,"column":5}},"type":"if","locations":[{"start":{"line":64,"column":4},"end":{"line":69,"column":5}}]},"11":{"loc":{"start":{"line":64,"column":8},"end":{"line":64,"column":61}},"type":"binary-expr","locations":[{"start":{"line":64,"column":8},"end":{"line":64,"column":14}},{"start":{"line":64,"column":18},"end":{"line":64,"column":39}},{"start":{"line":64,"column":43},"end":{"line":64,"column":61}}]},"12":{"loc":{"start":{"line":73,"column":4},"end":{"line":88,"column":5}},"type":"if","locations":[{"start":{"line":73,"column":4},"end":{"line":88,"column":5}},{"start":{"line":75,"column":11},"end":{"line":88,"column":5}}]},"13":{"loc":{"start":{"line":76,"column":6},"end":{"line":87,"column":7}},"type":"if","locations":[{"start":{"line":76,"column":6},"end":{"line":87,"column":7}},{"start":{"line":78,"column":13},"end":{"line":87,"column":7}}]},"14":{"loc":{"start":{"line":78,"column":13},"end":{"line":87,"column":7}},"type":"if","locations":[{"start":{"line":78,"column":13},"end":{"line":87,"column":7}},{"start":{"line":85,"column":13},"end":{"line":87,"column":7}}]},"15":{"loc":{"start":{"line":79,"column":8},"end":{"line":82,"column":91}},"type":"binary-expr","locations":[{"start":{"line":79,"column":8},"end":{"line":79,"column":62}},{"start":{"line":80,"column":8},"end":{"line":80,"column":76}},{"start":{"line":81,"column":8},"end":{"line":81,"column":56}},{"start":{"line":82,"column":8},"end":{"line":82,"column":91}}]}},"s":{"0":1,"1":8,"2":8,"3":3,"4":3,"5":5,"6":5,"7":1,"8":4,"9":1,"10":3,"11":2,"12":1,"13":5,"14":5,"15":5,"16":1,"17":1,"18":4,"19":4,"20":1,"21":3,"22":1,"23":2,"24":1,"25":1,"26":9,"27":9,"28":9,"29":3,"30":3,"31":6,"32":6,"33":1,"34":5,"35":1,"36":4,"37":3,"38":1,"39":1},"f":{"0":8,"1":5,"2":9},"b":{"0":[3],"1":[8,8,7,6],"2":[1,4],"3":[1,3],"4":[2,1],"5":[3,2,1],"6":[1],"7":[1,3],"8":[1,2],"9":[1,1],"10":[3],"11":[9,8,7],"12":[1,5],"13":[1,4],"14":[3,1],"15":[4,3,2,2]}}
,"/home/caiogallo/projects/restaurant-orders/src/middlewares/logger.ts": {"path":"/home/caiogallo/projects/restaurant-orders/src/middlewares/logger.ts","statementMap":{"0":{"start":{"line":3,"column":29},"end":{"line":18,"column":1}},"1":{"start":{"line":4,"column":16},"end":{"line":4,"column":26}},"2":{"start":{"line":5,"column":38},"end":{"line":5,"column":41}},"3":{"start":{"line":7,"column":28},"end":{"line":7,"column":66}},"4":{"start":{"line":8,"column":2},"end":{"line":8,"column":68}},"5":{"start":{"line":10,"column":2},"end":{"line":15,"column":5}},"6":{"start":{"line":11,"column":25},"end":{"line":11,"column":43}},"7":{"start":{"line":12,"column":23},"end":{"line":12,"column":37}},"8":{"start":{"line":13,"column":31},"end":{"line":13,"column":93}},"9":{"start":{"line":14,"column":4},"end":{"line":14,"column":71}},"10":{"start":{"line":17,"column":2},"end":{"line":17,"column":9}},"11":{"start":{"line":3,"column":13},"end":{"line":3,"column":29}},"12":{"start":{"line":20,"column":27},"end":{"line":28,"column":1}},"13":{"start":{"line":21,"column":23},"end":{"line":21,"column":46}},"14":{"start":{"line":22,"column":21},"end":{"line":22,"column":36}},"15":{"start":{"line":24,"column":2},"end":{"line":24,"column":65}},"16":{"start":{"line":25,"column":2},"end":{"line":25,"column":28}},"17":{"start":{"line":27,"column":2},"end":{"line":27,"column":12}},"18":{"start":{"line":20,"column":13},"end":{"line":20,"column":27}}},"fnMap":{"0":{"name":"(anonymous_0)","decl":{"start":{"line":3,"column":29},"end":{"line":3,"column":30}},"loc":{"start":{"line":3,"column":81},"end":{"line":18,"column":1}}},"1":{"name":"(anonymous_1)","decl":{"start":{"line":10,"column":19},"end":{"line":10,"column":22}},"loc":{"start":{"line":10,"column":24},"end":{"line":15,"column":3}}},"2":{"name":"(anonymous_2)","decl":{"start":{"line":20,"column":27},"end":{"line":20,"column":28}},"loc":{"start":{"line":20,"column":93},"end":{"line":28,"column":1}}}},"branchMap":{"0":{"loc":{"start":{"line":22,"column":21},"end":{"line":22,"column":36}},"type":"binary-expr","locations":[{"start":{"line":22,"column":21},"end":{"line":22,"column":30}},{"start":{"line":22,"column":34},"end":{"line":22,"column":36}}]}},"s":{"0":0,"1":0,"2":0,"3":0,"4":0,"5":0,"6":0,"7":0,"8":0,"9":0,"10":0,"11":0,"12":0,"13":0,"14":0,"15":0,"16":0,"17":0,"18":0},"f":{"0":0,"1":0,"2":0},"b":{"0":[0,0]}}
,"/home/caiogallo/projects/restaurant-orders/src/models/Customer.ts": {"path":"/home/caiogallo/projects/restaurant-orders/src/models/Customer.ts","statementMap":{"0":{"start":{"line":1,"column":0},"end":{"line":1,"column":56}},"1":{"start":{"line":2,"column":0},"end":{"line":2,"column":43}},"2":{"start":{"line":13,"column":0},"end":{"line":53,"column":3}},"3":{"start":{"line":55,"column":0},"end":{"line":55,"column":24}}},"fnMap":{},"branchMap":{},"s":{"0":8,"1":8,"2":8,"3":8},"f":{},"b":{}}
,"/home/caiogallo/projects/restaurant-orders/src/models/MenuItem.ts": {"path":"/home/caiogallo/projects/restaurant-orders/src/models/MenuItem.ts","statementMap":{"0":{"start":{"line":1,"column":0},"end":{"line":1,"column":56}},"1":{"start":{"line":2,"column":0},"end":{"line":2,"column":43}},"2":{"start":{"line":4,"column":0},"end":{"line":4,"column":null}},"3":{"start":{"line":5,"column":2},"end":{"line":5,"column":null}},"4":{"start":{"line":6,"column":2},"end":{"line":6,"column":null}},"5":{"start":{"line":7,"column":2},"end":{"line":7,"column":null}},"6":{"start":{"line":8,"column":2},"end":{"line":8,"column":null}},"7":{"start":{"line":21,"column":0},"end":{"line":64,"column":3}},"8":{"start":{"line":66,"column":0},"end":{"line":66,"column":24}}},"fnMap":{"0":{"name":"(anonymous_1)","decl":{"start":{"line":4,"column":0},"end":{"line":4,"column":12}},"loc":{"start":{"line":4,"column":28},"end":{"line":9,"column":1}}}},"branchMap":{"0":{"loc":{"start":{"line":4,"column":12},"end":{"line":4,"column":null}},"type":"binary-expr","locations":[{"start":{"line":4,"column":12},"end":{"line":4,"column":28}},{"start":{"line":4,"column":28},"end":{"line":4,"column":null}}]}},"s":{"0":9,"1":9,"2":9,"3":9,"4":9,"5":9,"6":9,"7":9,"8":9},"f":{"0":9},"b":{"0":[9,9]}}
,"/home/caiogallo/projects/restaurant-orders/src/models/Order.ts": {"path":"/home/caiogallo/projects/restaurant-orders/src/models/Order.ts","statementMap":{"0":{"start":{"line":1,"column":0},"end":{"line":1,"column":56}},"1":{"start":{"line":2,"column":0},"end":{"line":2,"column":43}},"2":{"start":{"line":5,"column":0},"end":{"line":5,"column":null}},"3":{"start":{"line":6,"column":2},"end":{"line":6,"column":null}},"4":{"start":{"line":7,"column":2},"end":{"line":7,"column":null}},"5":{"start":{"line":8,"column":2},"end":{"line":8,"column":null}},"6":{"start":{"line":9,"column":2},"end":{"line":9,"column":null}},"7":{"start":{"line":10,"column":2},"end":{"line":10,"column":null}},"8":{"start":{"line":23,"column":0},"end":{"line":70,"column":3}},"9":{"start":{"line":72,"column":0},"end":{"line":72,"column":21}}},"fnMap":{"0":{"name":"(anonymous_1)","decl":{"start":{"line":5,"column":0},"end":{"line":5,"column":12}},"loc":{"start":{"line":5,"column":23},"end":{"line":11,"column":1}}}},"branchMap":{"0":{"loc":{"start":{"line":5,"column":12},"end":{"line":5,"column":null}},"type":"binary-expr","locations":[{"start":{"line":5,"column":12},"end":{"line":5,"column":23}},{"start":{"line":5,"column":23},"end":{"line":5,"column":null}}]}},"s":{"0":9,"1":9,"2":9,"3":9,"4":9,"5":9,"6":9,"7":9,"8":9,"9":9},"f":{"0":9},"b":{"0":[9,9]}}
,"/home/caiogallo/projects/restaurant-orders/src/models/OrderItem.ts": {"path":"/home/caiogallo/projects/restaurant-orders/src/models/OrderItem.ts","statementMap":{"0":{"start":{"line":1,"column":0},"end":{"line":1,"column":56}},"1":{"start":{"line":2,"column":0},"end":{"line":2,"column":43}},"2":{"start":{"line":17,"column":0},"end":{"line":88,"column":3}},"3":{"start":{"line":83,"column":6},"end":{"line":85,"column":7}},"4":{"start":{"line":84,"column":8},"end":{"line":84,"column":78}},"5":{"start":{"line":90,"column":0},"end":{"line":90,"column":25}}},"fnMap":{"0":{"name":"(anonymous_1)","decl":{"start":{"line":82,"column":20},"end":{"line":82,"column":21}},"loc":{"start":{"line":82,"column":45},"end":{"line":86,"column":5}}}},"branchMap":{"0":{"loc":{"start":{"line":83,"column":6},"end":{"line":85,"column":7}},"type":"if","locations":[{"start":{"line":83,"column":6},"end":{"line":85,"column":7}}]},"1":{"loc":{"start":{"line":83,"column":10},"end":{"line":83,"column":51}},"type":"binary-expr","locations":[{"start":{"line":83,"column":10},"end":{"line":83,"column":28}},{"start":{"line":83,"column":32},"end":{"line":83,"column":51}}]}},"s":{"0":8,"1":8,"2":8,"3":32,"4":32,"5":8},"f":{"0":32},"b":{"0":[32],"1":[32,32]}}
,"/home/caiogallo/projects/restaurant-orders/src/models/index.ts": {"path":"/home/caiogallo/projects/restaurant-orders/src/models/index.ts","statementMap":{"0":{"start":{"line":1,"column":0},"end":{"line":1,"column":7}},"1":{"start":{"line":16,"column":2},"end":{"line":1,"column":34}},"2":{"start":{"line":2,"column":0},"end":{"line":2,"column":7}},"3":{"start":{"line":17,"column":2},"end":{"line":2,"column":34}},"4":{"start":{"line":3,"column":0},"end":{"line":3,"column":7}},"5":{"start":{"line":18,"column":2},"end":{"line":3,"column":28}},"6":{"start":{"line":4,"column":0},"end":{"line":4,"column":7}},"7":{"start":{"line":19,"column":2},"end":{"line":4,"column":36}},"8":{"start":{"line":6,"column":0},"end":{"line":6,"column":68}},"9":{"start":{"line":7,"column":0},"end":{"line":7,"column":72}},"10":{"start":{"line":9,"column":0},"end":{"line":9,"column":65}},"11":{"start":{"line":10,"column":0},"end":{"line":10,"column":67}},"12":{"start":{"line":12,"column":0},"end":{"line":12,"column":76}},"13":{"start":{"line":13,"column":0},"end":{"line":13,"column":76}}},"fnMap":{},"branchMap":{},"s":{"0":8,"1":8,"2":8,"3":8,"4":8,"5":8,"6":8,"7":8,"8":8,"9":8,"10":8,"11":8,"12":8,"13":8},"f":{},"b":{}}
,"/home/caiogallo/projects/restaurant-orders/src/repositories/CustomerRepository.ts": {"path":"/home/caiogallo/projects/restaurant-orders/src/repositories/CustomerRepository.ts","statementMap":{"0":{"start":{"line":1,"column":0},"end":{"line":1,"column":65}},"1":{"start":{"line":19,"column":4},"end":{"line":19,"column":77}},"2":{"start":{"line":23,"column":4},"end":{"line":23,"column":39}},"3":{"start":{"line":27,"column":30},"end":{"line":27,"column":37}},"4":{"start":{"line":29,"column":4},"end":{"line":43,"column":7}},"5":{"start":{"line":47,"column":0},"end":{"line":47,"column":40}}},"fnMap":{"0":{"name":"(anonymous_0)","decl":{"start":{"line":18,"column":2},"end":{"line":18,"column":7}},"loc":{"start":{"line":18,"column":41},"end":{"line":20,"column":3}}},"1":{"name":"(anonymous_1)","decl":{"start":{"line":22,"column":2},"end":{"line":22,"column":7}},"loc":{"start":{"line":22,"column":36},"end":{"line":24,"column":3}}},"2":{"name":"(anonymous_2)","decl":{"start":{"line":26,"column":2},"end":{"line":26,"column":7}},"loc":{"start":{"line":26,"column":97},"end":{"line":44,"column":3}}}},"branchMap":{},"s":{"0":5,"1":12,"2":10,"3":5,"4":5,"5":5},"f":{"0":12,"1":10,"2":5},"b":{}}
,"/home/caiogallo/projects/restaurant-orders/src/repositories/MenuRepository.ts": {"path":"/home/caiogallo/projects/restaurant-orders/src/repositories/MenuRepository.ts","statementMap":{"0":{"start":{"line":1,"column":0},"end":{"line":1,"column":64}},"1":{"start":{"line":26,"column":4},"end":{"line":26,"column":77}},"2":{"start":{"line":30,"column":40},"end":{"line":30,"column":47}},"3":{"start":{"line":31,"column":19},"end":{"line":31,"column":47}},"4":{"start":{"line":33,"column":4},"end":{"line":38,"column":7}},"5":{"start":{"line":42,"column":4},"end":{"line":42,"column":39}},"6":{"start":{"line":46,"column":0},"end":{"line":46,"column":36}}},"fnMap":{"0":{"name":"(anonymous_1)","decl":{"start":{"line":25,"column":2},"end":{"line":25,"column":7}},"loc":{"start":{"line":25,"column":41},"end":{"line":27,"column":3}}},"1":{"name":"(anonymous_2)","decl":{"start":{"line":29,"column":2},"end":{"line":29,"column":7}},"loc":{"start":{"line":29,"column":46},"end":{"line":39,"column":3}}},"2":{"name":"(anonymous_3)","decl":{"start":{"line":41,"column":2},"end":{"line":41,"column":7}},"loc":{"start":{"line":41,"column":27},"end":{"line":43,"column":3}}}},"branchMap":{"0":{"loc":{"start":{"line":29,"column":16},"end":{"line":29,"column":46}},"type":"default-arg","locations":[{"start":{"line":29,"column":44},"end":{"line":29,"column":46}}]},"1":{"loc":{"start":{"line":31,"column":19},"end":{"line":31,"column":47}},"type":"cond-expr","locations":[{"start":{"line":31,"column":30},"end":{"line":31,"column":42}},{"start":{"line":31,"column":45},"end":{"line":31,"column":47}}]}},"s":{"0":3,"1":23,"2":9,"3":9,"4":9,"5":2,"6":3},"f":{"0":23,"1":9,"2":2},"b":{"0":[1],"1":[4,5]}}
,"/home/caiogallo/projects/restaurant-orders/src/repositories/OrderRepository.ts": {"path":"/home/caiogallo/projects/restaurant-orders/src/repositories/OrderRepository.ts","statementMap":{"0":{"start":{"line":1,"column":0},"end":{"line":1,"column":55}},"1":{"start":{"line":3,"column":0},"end":{"line":3,"column":46}},"2":{"start":{"line":17,"column":4},"end":{"line":21,"column":24}},"3":{"start":{"line":25,"column":4},"end":{"line":34,"column":7}},"4":{"start":{"line":38,"column":18},"end":{"line":38,"column":46}},"5":{"start":{"line":39,"column":4},"end":{"line":39,"column":28}},"6":{"start":{"line":39,"column":16},"end":{"line":39,"column":28}},"7":{"start":{"line":41,"column":4},"end":{"line":41,"column":35}},"8":{"start":{"line":42,"column":4},"end":{"line":42,"column":17}},"9":{"start":{"line":51,"column":36},"end":{"line":51,"column":38}},"10":{"start":{"line":52,"column":22},"end":{"line":52,"column":23}},"11":{"start":{"line":54,"column":4},"end":{"line":71,"column":5}},"12":{"start":{"line":55,"column":23},"end":{"line":55,"column":70}},"13":{"start":{"line":55,"column":44},"end":{"line":55,"column":69}},"14":{"start":{"line":56,"column":6},"end":{"line":56,"column":30}},"15":{"start":{"line":56,"column":21},"end":{"line":56,"column":30}},"16":{"start":{"line":58,"column":24},"end":{"line":58,"column":46}},"17":{"start":{"line":59,"column":23},"end":{"line":59,"column":48}},"18":{"start":{"line":60,"column":6},"end":{"line":60,"column":30}},"19":{"start":{"line":62,"column":24},"end":{"line":68,"column":25}},"20":{"start":{"line":70,"column":6},"end":{"line":70,"column":33}},"21":{"start":{"line":73,"column":4},"end":{"line":76,"column":7}},"22":{"start":{"line":78,"column":4},"end":{"line":78,"column":22}},"23":{"start":{"line":82,"column":4},"end":{"line":85,"column":7}},"24":{"start":{"line":89,"column":0},"end":{"line":89,"column":37}}},"fnMap":{"0":{"name":"(anonymous_0)","decl":{"start":{"line":16,"column":2},"end":{"line":16,"column":7}},"loc":{"start":{"line":16,"column":62},"end":{"line":22,"column":3}}},"1":{"name":"(anonymous_1)","decl":{"start":{"line":24,"column":2},"end":{"line":24,"column":7}},"loc":{"start":{"line":24,"column":36},"end":{"line":35,"column":3}}},"2":{"name":"(anonymous_2)","decl":{"start":{"line":37,"column":2},"end":{"line":37,"column":7}},"loc":{"start":{"line":37,"column":61},"end":{"line":43,"column":3}}},"3":{"name":"(anonymous_3)","decl":{"start":{"line":45,"column":2},"end":{"line":45,"column":7}},"loc":{"start":{"line":49,"column":29},"end":{"line":79,"column":3}}},"4":{"name":"(anonymous_4)","decl":{"start":{"line":55,"column":38},"end":{"line":55,"column":40}},"loc":{"start":{"line":55,"column":44},"end":{"line":55,"column":69}}},"5":{"name":"(anonymous_5)","decl":{"start":{"line":81,"column":2},"end":{"line":81,"column":7}},"loc":{"start":{"line":81,"column":67},"end":{"line":86,"column":3}}}},"branchMap":{"0":{"loc":{"start":{"line":39,"column":4},"end":{"line":39,"column":28}},"type":"if","locations":[{"start":{"line":39,"column":4},"end":{"line":39,"column":28}}]},"1":{"loc":{"start":{"line":56,"column":6},"end":{"line":56,"column":30}},"type":"if","locations":[{"start":{"line":56,"column":6},"end":{"line":56,"column":30}}]}},"s":{"0":3,"1":3,"2":2,"3":13,"4":4,"5":4,"6":2,"7":2,"8":2,"9":3,"10":3,"11":3,"12":6,"13":9,"14":6,"15":0,"16":6,"17":6,"18":6,"19":6,"20":6,"21":3,"22":3,"23":3,"24":3},"f":{"0":2,"1":13,"2":4,"3":3,"4":9,"5":3},"b":{"0":[2],"1":[0]}}
,"/home/caiogallo/projects/restaurant-orders/src/routes/customerRoutes.ts": {"path":"/home/caiogallo/projects/restaurant-orders/src/routes/customerRoutes.ts","statementMap":{"0":{"start":{"line":1,"column":0},"end":{"line":1,"column":33}},"1":{"start":{"line":2,"column":0},"end":{"line":2,"column":67}},"2":{"start":{"line":4,"column":15},"end":{"line":4,"column":23}},"3":{"start":{"line":6,"column":0},"end":{"line":6,"column":54}},"4":{"start":{"line":7,"column":0},"end":{"line":7,"column":74}},"5":{"start":{"line":9,"column":0},"end":{"line":9,"column":22}}},"fnMap":{},"branchMap":{},"s":{"0":0,"1":0,"2":0,"3":0,"4":0,"5":0},"f":{},"b":{}}
,"/home/caiogallo/projects/restaurant-orders/src/routes/menuRoutes.ts": {"path":"/home/caiogallo/projects/restaurant-orders/src/routes/menuRoutes.ts","statementMap":{"0":{"start":{"line":1,"column":0},"end":{"line":1,"column":33}},"1":{"start":{"line":2,"column":0},"end":{"line":2,"column":59}},"2":{"start":{"line":4,"column":15},"end":{"line":4,"column":23}},"3":{"start":{"line":6,"column":0},"end":{"line":6,"column":41}},"4":{"start":{"line":7,"column":0},"end":{"line":7,"column":42}},"5":{"start":{"line":9,"column":0},"end":{"line":9,"column":22}}},"fnMap":{},"branchMap":{},"s":{"0":0,"1":0,"2":0,"3":0,"4":0,"5":0},"f":{},"b":{}}
,"/home/caiogallo/projects/restaurant-orders/src/routes/orderRoutes.ts": {"path":"/home/caiogallo/projects/restaurant-orders/src/routes/orderRoutes.ts","statementMap":{"0":{"start":{"line":1,"column":0},"end":{"line":1,"column":33}},"1":{"start":{"line":2,"column":0},"end":{"line":2,"column":61}},"2":{"start":{"line":4,"column":15},"end":{"line":4,"column":23}},"3":{"start":{"line":6,"column":0},"end":{"line":6,"column":41}},"4":{"start":{"line":7,"column":0},"end":{"line":7,"column":58}},"5":{"start":{"line":8,"column":0},"end":{"line":8,"column":57}},"6":{"start":{"line":10,"column":0},"end":{"line":10,"column":22}}},"fnMap":{},"branchMap":{},"s":{"0":0,"1":0,"2":0,"3":0,"4":0,"5":0,"6":0},"f":{},"b":{}}
,"/home/caiogallo/projects/restaurant-orders/src/services/CustomerService.ts": {"path":"/home/caiogallo/projects/restaurant-orders/src/services/CustomerService.ts","statementMap":{"0":{"start":{"line":1,"column":0},"end":{"line":1,"column":86}},"1":{"start":{"line":2,"column":0},"end":{"line":2,"column":67}},"2":{"start":{"line":31,"column":4},"end":{"line":36,"column":5}},"3":{"start":{"line":32,"column":6},"end":{"line":35,"column":8}},"4":{"start":{"line":38,"column":4},"end":{"line":63,"column":5}},"5":{"start":{"line":39,"column":23},"end":{"line":39,"column":68}},"6":{"start":{"line":40,"column":6},"end":{"line":43,"column":8}},"7":{"start":{"line":45,"column":6},"end":{"line":50,"column":7}},"8":{"start":{"line":46,"column":8},"end":{"line":49,"column":10}},"9":{"start":{"line":52,"column":6},"end":{"line":57,"column":7}},"10":{"start":{"line":53,"column":8},"end":{"line":56,"column":10}},"11":{"start":{"line":59,"column":6},"end":{"line":62,"column":8}},"12":{"start":{"line":67,"column":4},"end":{"line":114,"column":5}},"13":{"start":{"line":68,"column":23},"end":{"line":68,"column":68}},"14":{"start":{"line":70,"column":6},"end":{"line":75,"column":7}},"15":{"start":{"line":71,"column":8},"end":{"line":74,"column":10}},"16":{"start":{"line":77,"column":21},"end":{"line":77,"column":39}},"17":{"start":{"line":78,"column":38},"end":{"line":78,"column":111}},"18":{"start":{"line":80,"column":30},"end":{"line":101,"column":8}},"19":{"start":{"line":81,"column":27},"end":{"line":81,"column":60}},"20":{"start":{"line":83,"column":26},"end":{"line":92,"column":10}},"21":{"start":{"line":84,"column":27},"end":{"line":84,"column":57}},"22":{"start":{"line":85,"column":10},"end":{"line":91,"column":12}},"23":{"start":{"line":94,"column":8},"end":{"line":100,"column":10}},"24":{"start":{"line":103,"column":6},"end":{"line":108,"column":8}},"25":{"start":{"line":110,"column":6},"end":{"line":113,"column":8}},"26":{"start":{"line":118,"column":0},"end":{"line":118,"column":37}}},"fnMap":{"0":{"name":"(anonymous_1)","decl":{"start":{"line":30,"column":2},"end":{"line":30,"column":7}},"loc":{"start":{"line":30,"column":51},"end":{"line":64,"column":3}}},"1":{"name":"(anonymous_2)","decl":{"start":{"line":66,"column":2},"end":{"line":66,"column":7}},"loc":{"start":{"line":66,"column":82},"end":{"line":115,"column":3}}},"2":{"name":"(anonymous_3)","decl":{"start":{"line":80,"column":41},"end":{"line":80,"column":46}},"loc":{"start":{"line":80,"column":49},"end":{"line":101,"column":7}}},"3":{"name":"(anonymous_4)","decl":{"start":{"line":83,"column":41},"end":{"line":83,"column":43}},"loc":{"start":{"line":83,"column":46},"end":{"line":92,"column":9}}}},"branchMap":{"0":{"loc":{"start":{"line":31,"column":4},"end":{"line":36,"column":5}},"type":"if","locations":[{"start":{"line":31,"column":4},"end":{"line":36,"column":5}}]},"1":{"loc":{"start":{"line":31,"column":8},"end":{"line":31,"column":72}},"type":"binary-expr","locations":[{"start":{"line":31,"column":8},"end":{"line":31,"column":26}},{"start":{"line":31,"column":30},"end":{"line":31,"column":49}},{"start":{"line":31,"column":53},"end":{"line":31,"column":72}}]},"2":{"loc":{"start":{"line":45,"column":6},"end":{"line":50,"column":7}},"type":"if","locations":[{"start":{"line":45,"column":6},"end":{"line":50,"column":7}}]},"3":{"loc":{"start":{"line":52,"column":6},"end":{"line":57,"column":7}},"type":"if","locations":[{"start":{"line":52,"column":6},"end":{"line":57,"column":7}}]},"4":{"loc":{"start":{"line":66,"column":46},"end":{"line":66,"column":62}},"type":"default-arg","locations":[{"start":{"line":66,"column":61},"end":{"line":66,"column":62}}]},"5":{"loc":{"start":{"line":66,"column":64},"end":{"line":66,"column":82}},"type":"default-arg","locations":[{"start":{"line":66,"column":80},"end":{"line":66,"column":82}}]},"6":{"loc":{"start":{"line":70,"column":6},"end":{"line":75,"column":7}},"type":"if","locations":[{"start":{"line":70,"column":6},"end":{"line":75,"column":7}}]}},"s":{"0":2,"1":2,"2":7,"3":1,"4":6,"5":6,"6":5,"7":1,"8":1,"9":0,"10":0,"11":0,"12":3,"13":3,"14":3,"15":1,"16":2,"17":2,"18":2,"19":11,"20":11,"21":2,"22":2,"23":11,"24":2,"25":0,"26":2},"f":{"0":7,"1":3,"2":11,"3":2},"b":{"0":[1],"1":[7,6,6],"2":[1],"3":[0],"4":[0],"5":[0],"6":[1]}}
,"/home/caiogallo/projects/restaurant-orders/src/services/MenuService.ts": {"path":"/home/caiogallo/projects/restaurant-orders/src/services/MenuService.ts","statementMap":{"0":{"start":{"line":1,"column":0},"end":{"line":1,"column":78}},"1":{"start":{"line":2,"column":0},"end":{"line":2,"column":64}},"2":{"start":{"line":3,"column":0},"end":{"line":3,"column":44}},"3":{"start":{"line":21,"column":4},"end":{"line":62,"column":5}},"4":{"start":{"line":22,"column":6},"end":{"line":27,"column":7}},"5":{"start":{"line":23,"column":8},"end":{"line":26,"column":10}},"6":{"start":{"line":29,"column":6},"end":{"line":34,"column":7}},"7":{"start":{"line":30,"column":8},"end":{"line":33,"column":10}},"8":{"start":{"line":36,"column":30},"end":{"line":36,"column":61}},"9":{"start":{"line":37,"column":6},"end":{"line":42,"column":7}},"10":{"start":{"line":38,"column":8},"end":{"line":41,"column":10}},"11":{"start":{"line":44,"column":23},"end":{"line":44,"column":56}},"12":{"start":{"line":46,"column":6},"end":{"line":49,"column":8}},"13":{"start":{"line":51,"column":6},"end":{"line":56,"column":7}},"14":{"start":{"line":52,"column":8},"end":{"line":55,"column":10}},"15":{"start":{"line":58,"column":6},"end":{"line":61,"column":8}},"16":{"start":{"line":66,"column":4},"end":{"line":101,"column":5}},"17":{"start":{"line":67,"column":49},"end":{"line":67,"column":55}},"18":{"start":{"line":69,"column":6},"end":{"line":77,"column":7}},"19":{"start":{"line":70,"column":32},"end":{"line":70,"column":63}},"20":{"start":{"line":71,"column":8},"end":{"line":76,"column":9}},"21":{"start":{"line":72,"column":10},"end":{"line":75,"column":12}},"22":{"start":{"line":79,"column":21},"end":{"line":79,"column":39}},"23":{"start":{"line":81,"column":41},"end":{"line":85,"column":8}},"24":{"start":{"line":87,"column":6},"end":{"line":95,"column":8}},"25":{"start":{"line":97,"column":6},"end":{"line":100,"column":8}},"26":{"start":{"line":105,"column":0},"end":{"line":105,"column":33}}},"fnMap":{"0":{"name":"(anonymous_1)","decl":{"start":{"line":20,"column":2},"end":{"line":20,"column":7}},"loc":{"start":{"line":20,"column":38},"end":{"line":63,"column":3}}},"1":{"name":"(anonymous_2)","decl":{"start":{"line":65,"column":2},"end":{"line":65,"column":7}},"loc":{"start":{"line":65,"column":45},"end":{"line":102,"column":3}}}},"branchMap":{"0":{"loc":{"start":{"line":22,"column":6},"end":{"line":27,"column":7}},"type":"if","locations":[{"start":{"line":22,"column":6},"end":{"line":27,"column":7}}]},"1":{"loc":{"start":{"line":22,"column":10},"end":{"line":22,"column":87}},"type":"binary-expr","locations":[{"start":{"line":22,"column":10},"end":{"line":22,"column":20}},{"start":{"line":22,"column":24},"end":{"line":22,"column":41}},{"start":{"line":22,"column":45},"end":{"line":22,"column":69}},{"start":{"line":22,"column":73},"end":{"line":22,"column":87}}]},"2":{"loc":{"start":{"line":29,"column":6},"end":{"line":34,"column":7}},"type":"if","locations":[{"start":{"line":29,"column":6},"end":{"line":34,"column":7}}]},"3":{"loc":{"start":{"line":37,"column":6},"end":{"line":42,"column":7}},"type":"if","locations":[{"start":{"line":37,"column":6},"end":{"line":42,"column":7}}]},"4":{"loc":{"start":{"line":51,"column":6},"end":{"line":56,"column":7}},"type":"if","locations":[{"start":{"line":51,"column":6},"end":{"line":56,"column":7}}]},"5":{"loc":{"start":{"line":67,"column":24},"end":{"line":67,"column":32}},"type":"default-arg","locations":[{"start":{"line":67,"column":31},"end":{"line":67,"column":32}}]},"6":{"loc":{"start":{"line":67,"column":34},"end":{"line":67,"column":44}},"type":"default-arg","locations":[{"start":{"line":67,"column":42},"end":{"line":67,"column":44}}]},"7":{"loc":{"start":{"line":69,"column":6},"end":{"line":77,"column":7}},"type":"if","locations":[{"start":{"line":69,"column":6},"end":{"line":77,"column":7}}]},"8":{"loc":{"start":{"line":71,"column":8},"end":{"line":76,"column":9}},"type":"if","locations":[{"start":{"line":71,"column":8},"end":{"line":76,"column":9}}]}},"s":{"0":2,"1":2,"2":2,"3":4,"4":4,"5":1,"6":3,"7":1,"8":2,"9":2,"10":1,"11":1,"12":1,"13":0,"14":0,"15":0,"16":5,"17":5,"18":5,"19":2,"20":2,"21":1,"22":4,"23":4,"24":4,"25":0,"26":2},"f":{"0":4,"1":5},"b":{"0":[1],"1":[4,3,3,3],"2":[1],"3":[1],"4":[0],"5":[0],"6":[0],"7":[2],"8":[1]}}
,"/home/caiogallo/projects/restaurant-orders/src/services/OrderService.ts": {"path":"/home/caiogallo/projects/restaurant-orders/src/services/OrderService.ts","statementMap":{"0":{"start":{"line":1,"column":0},"end":{"line":1,"column":62}},"1":{"start":{"line":2,"column":0},"end":{"line":2,"column":68}},"2":{"start":{"line":3,"column":0},"end":{"line":3,"column":42}},"3":{"start":{"line":5,"column":0},"end":{"line":5,"column":46}},"4":{"start":{"line":6,"column":0},"end":{"line":6,"column":43}},"5":{"start":{"line":22,"column":42},"end":{"line":22,"column":46}},"6":{"start":{"line":24,"column":4},"end":{"line":103,"column":5}},"7":{"start":{"line":25,"column":23},"end":{"line":25,"column":79}},"8":{"start":{"line":26,"column":6},"end":{"line":31,"column":7}},"9":{"start":{"line":27,"column":8},"end":{"line":30,"column":10}},"10":{"start":{"line":33,"column":6},"end":{"line":38,"column":7}},"11":{"start":{"line":34,"column":8},"end":{"line":37,"column":10}},"12":{"start":{"line":40,"column":6},"end":{"line":47,"column":7}},"13":{"start":{"line":41,"column":8},"end":{"line":46,"column":9}},"14":{"start":{"line":42,"column":10},"end":{"line":45,"column":12}},"15":{"start":{"line":49,"column":26},"end":{"line":49,"column":72}},"16":{"start":{"line":49,"column":54},"end":{"line":49,"column":71}},"17":{"start":{"line":50,"column":24},"end":{"line":52,"column":8}},"18":{"start":{"line":54,"column":6},"end":{"line":59,"column":7}},"19":{"start":{"line":55,"column":8},"end":{"line":58,"column":10}},"20":{"start":{"line":61,"column":6},"end":{"line":61,"column":50}},"21":{"start":{"line":63,"column":20},"end":{"line":66,"column":21}},"22":{"start":{"line":68,"column":24},"end":{"line":71,"column":9}},"23":{"start":{"line":68,"column":53},"end":{"line":71,"column":8}},"24":{"start":{"line":73,"column":6},"end":{"line":78,"column":8}},"25":{"start":{"line":80,"column":6},"end":{"line":80,"column":33}},"26":{"start":{"line":81,"column":6},"end":{"line":81,"column":25}},"27":{"start":{"line":83,"column":27},"end":{"line":83,"column":67}},"28":{"start":{"line":85,"column":6},"end":{"line":90,"column":7}},"29":{"start":{"line":86,"column":8},"end":{"line":89,"column":10}},"30":{"start":{"line":92,"column":6},"end":{"line":95,"column":8}},"31":{"start":{"line":97,"column":6},"end":{"line":97,"column":52}},"32":{"start":{"line":97,"column":23},"end":{"line":97,"column":52}},"33":{"start":{"line":99,"column":6},"end":{"line":102,"column":8}},"34":{"start":{"line":107,"column":4},"end":{"line":134,"column":5}},"35":{"start":{"line":108,"column":28},"end":{"line":108,"column":54}},"36":{"start":{"line":109,"column":6},"end":{"line":114,"column":7}},"37":{"start":{"line":110,"column":8},"end":{"line":113,"column":10}},"38":{"start":{"line":116,"column":27},"end":{"line":116,"column":78}},"39":{"start":{"line":118,"column":6},"end":{"line":123,"column":7}},"40":{"start":{"line":119,"column":8},"end":{"line":122,"column":10}},"41":{"start":{"line":125,"column":6},"end":{"line":128,"column":8}},"42":{"start":{"line":130,"column":6},"end":{"line":133,"column":8}},"43":{"start":{"line":138,"column":42},"end":{"line":138,"column":46}},"44":{"start":{"line":140,"column":4},"end":{"line":223,"column":5}},"45":{"start":{"line":141,"column":6},"end":{"line":146,"column":7}},"46":{"start":{"line":142,"column":8},"end":{"line":145,"column":10}},"47":{"start":{"line":148,"column":20},"end":{"line":148,"column":59}},"48":{"start":{"line":149,"column":6},"end":{"line":154,"column":7}},"49":{"start":{"line":150,"column":8},"end":{"line":153,"column":10}},"50":{"start":{"line":156,"column":6},"end":{"line":161,"column":7}},"51":{"start":{"line":157,"column":8},"end":{"line":160,"column":10}},"52":{"start":{"line":163,"column":6},"end":{"line":170,"column":7}},"53":{"start":{"line":164,"column":8},"end":{"line":169,"column":9}},"54":{"start":{"line":165,"column":10},"end":{"line":168,"column":12}},"55":{"start":{"line":172,"column":26},"end":{"line":172,"column":62}},"56":{"start":{"line":172,"column":44},"end":{"line":172,"column":61}},"57":{"start":{"line":173,"column":24},"end":{"line":175,"column":8}},"58":{"start":{"line":177,"column":6},"end":{"line":182,"column":7}},"59":{"start":{"line":178,"column":8},"end":{"line":181,"column":10}},"60":{"start":{"line":184,"column":6},"end":{"line":184,"column":50}},"61":{"start":{"line":186,"column":6},"end":{"line":186,"column":75}},"62":{"start":{"line":188,"column":24},"end":{"line":191,"column":9}},"63":{"start":{"line":188,"column":43},"end":{"line":191,"column":8}},"64":{"start":{"line":193,"column":6},"end":{"line":198,"column":8}},"65":{"start":{"line":200,"column":6},"end":{"line":200,"column":33}},"66":{"start":{"line":201,"column":6},"end":{"line":201,"column":25}},"67":{"start":{"line":203,"column":27},"end":{"line":203,"column":66}},"68":{"start":{"line":205,"column":6},"end":{"line":210,"column":7}},"69":{"start":{"line":206,"column":8},"end":{"line":209,"column":10}},"70":{"start":{"line":212,"column":6},"end":{"line":215,"column":8}},"71":{"start":{"line":217,"column":6},"end":{"line":217,"column":52}},"72":{"start":{"line":217,"column":23},"end":{"line":217,"column":52}},"73":{"start":{"line":219,"column":6},"end":{"line":222,"column":8}},"74":{"start":{"line":227,"column":0},"end":{"line":227,"column":34}}},"fnMap":{"0":{"name":"(anonymous_1)","decl":{"start":{"line":21,"column":2},"end":{"line":21,"column":7}},"loc":{"start":{"line":21,"column":41},"end":{"line":104,"column":3}}},"1":{"name":"(anonymous_2)","decl":{"start":{"line":49,"column":46},"end":{"line":49,"column":50}},"loc":{"start":{"line":49,"column":54},"end":{"line":49,"column":71}}},"2":{"name":"(anonymous_3)","decl":{"start":{"line":68,"column":44},"end":{"line":68,"column":48}},"loc":{"start":{"line":68,"column":53},"end":{"line":71,"column":8}}},"3":{"name":"(anonymous_4)","decl":{"start":{"line":106,"column":2},"end":{"line":106,"column":7}},"loc":{"start":{"line":106,"column":57},"end":{"line":135,"column":3}}},"4":{"name":"(anonymous_5)","decl":{"start":{"line":137,"column":2},"end":{"line":137,"column":7}},"loc":{"start":{"line":137,"column":60},"end":{"line":224,"column":3}}},"5":{"name":"(anonymous_6)","decl":{"start":{"line":172,"column":36},"end":{"line":172,"column":40}},"loc":{"start":{"line":172,"column":44},"end":{"line":172,"column":61}}},"6":{"name":"(anonymous_7)","decl":{"start":{"line":188,"column":34},"end":{"line":188,"column":38}},"loc":{"start":{"line":188,"column":43},"end":{"line":191,"column":8}}}},"branchMap":{"0":{"loc":{"start":{"line":26,"column":6},"end":{"line":31,"column":7}},"type":"if","locations":[{"start":{"line":26,"column":6},"end":{"line":31,"column":7}}]},"1":{"loc":{"start":{"line":33,"column":6},"end":{"line":38,"column":7}},"type":"if","locations":[{"start":{"line":33,"column":6},"end":{"line":38,"column":7}}]},"2":{"loc":{"start":{"line":33,"column":10},"end":{"line":33,"column":93}},"type":"binary-expr","locations":[{"start":{"line":33,"column":10},"end":{"line":33,"column":26}},{"start":{"line":33,"column":30},"end":{"line":33,"column":61}},{"start":{"line":33,"column":65},"end":{"line":33,"column":93}}]},"3":{"loc":{"start":{"line":41,"column":8},"end":{"line":46,"column":9}},"type":"if","locations":[{"start":{"line":41,"column":8},"end":{"line":46,"column":9}}]},"4":{"loc":{"start":{"line":41,"column":12},"end":{"line":41,"column":84}},"type":"binary-expr","locations":[{"start":{"line":41,"column":12},"end":{"line":41,"column":26}},{"start":{"line":41,"column":30},"end":{"line":41,"column":48}},{"start":{"line":41,"column":52},"end":{"line":41,"column":84}}]},"5":{"loc":{"start":{"line":54,"column":6},"end":{"line":59,"column":7}},"type":"if","locations":[{"start":{"line":54,"column":6},"end":{"line":59,"column":7}}]},"6":{"loc":{"start":{"line":85,"column":6},"end":{"line":90,"column":7}},"type":"if","locations":[{"start":{"line":85,"column":6},"end":{"line":90,"column":7}}]},"7":{"loc":{"start":{"line":97,"column":6},"end":{"line":97,"column":52}},"type":"if","locations":[{"start":{"line":97,"column":6},"end":{"line":97,"column":52}}]},"8":{"loc":{"start":{"line":109,"column":6},"end":{"line":114,"column":7}},"type":"if","locations":[{"start":{"line":109,"column":6},"end":{"line":114,"column":7}}]},"9":{"loc":{"start":{"line":109,"column":10},"end":{"line":109,"column":67}},"type":"binary-expr","locations":[{"start":{"line":109,"column":10},"end":{"line":109,"column":17}},{"start":{"line":109,"column":21},"end":{"line":109,"column":67}}]},"10":{"loc":{"start":{"line":118,"column":6},"end":{"line":123,"column":7}},"type":"if","locations":[{"start":{"line":118,"column":6},"end":{"line":123,"column":7}}]},"11":{"loc":{"start":{"line":141,"column":6},"end":{"line":146,"column":7}},"type":"if","locations":[{"start":{"line":141,"column":6},"end":{"line":146,"column":7}}]},"12":{"loc":{"start":{"line":141,"column":10},"end":{"line":141,"column":63}},"type":"binary-expr","locations":[{"start":{"line":141,"column":10},"end":{"line":141,"column":16}},{"start":{"line":141,"column":20},"end":{"line":141,"column":41}},{"start":{"line":141,"column":45},"end":{"line":141,"column":63}}]},"13":{"loc":{"start":{"line":149,"column":6},"end":{"line":154,"column":7}},"type":"if","locations":[{"start":{"line":149,"column":6},"end":{"line":154,"column":7}}]},"14":{"loc":{"start":{"line":156,"column":6},"end":{"line":161,"column":7}},"type":"if","locations":[{"start":{"line":156,"column":6},"end":{"line":161,"column":7}}]},"15":{"loc":{"start":{"line":156,"column":10},"end":{"line":156,"column":88}},"type":"binary-expr","locations":[{"start":{"line":156,"column":10},"end":{"line":156,"column":46}},{"start":{"line":156,"column":50},"end":{"line":156,"column":88}}]},"16":{"loc":{"start":{"line":164,"column":8},"end":{"line":169,"column":9}},"type":"if","locations":[{"start":{"line":164,"column":8},"end":{"line":169,"column":9}}]},"17":{"loc":{"start":{"line":164,"column":12},"end":{"line":164,"column":84}},"type":"binary-expr","locations":[{"start":{"line":164,"column":12},"end":{"line":164,"column":26}},{"start":{"line":164,"column":30},"end":{"line":164,"column":48}},{"start":{"line":164,"column":52},"end":{"line":164,"column":84}}]},"18":{"loc":{"start":{"line":177,"column":6},"end":{"line":182,"column":7}},"type":"if","locations":[{"start":{"line":177,"column":6},"end":{"line":182,"column":7}}]},"19":{"loc":{"start":{"line":205,"column":6},"end":{"line":210,"column":7}},"type":"if","locations":[{"start":{"line":205,"column":6},"end":{"line":210,"column":7}}]},"20":{"loc":{"start":{"line":217,"column":6},"end":{"line":217,"column":52}},"type":"if","locations":[{"start":{"line":217,"column":6},"end":{"line":217,"column":52}}]}},"s":{"0":2,"1":2,"2":2,"3":2,"4":2,"5":5,"6":5,"7":5,"8":5,"9":1,"10":4,"11":1,"12":3,"13":4,"14":1,"15":2,"16":3,"17":2,"18":2,"19":1,"20":1,"21":1,"22":1,"23":2,"24":1,"25":1,"26":1,"27":1,"28":1,"29":0,"30":1,"31":0,"32":0,"33":0,"34":3,"35":3,"36":3,"37":1,"38":2,"39":2,"40":1,"41":1,"42":0,"43":6,"44":6,"45":6,"46":1,"47":5,"48":5,"49":1,"50":4,"51":1,"52":3,"53":4,"54":1,"55":2,"56":3,"57":2,"58":2,"59":1,"60":1,"61":1,"62":1,"63":2,"64":1,"65":1,"66":1,"67":1,"68":1,"69":0,"70":1,"71":0,"72":0,"73":0,"74":2},"f":{"0":5,"1":3,"2":2,"3":3,"4":6,"5":3,"6":2},"b":{"0":[1],"1":[1],"2":[4,4,4],"3":[1],"4":[4,3,3],"5":[1],"6":[0],"7":[0],"8":[1],"9":[3,3],"10":[1],"11":[1],"12":[6,6,6],"13":[1],"14":[1],"15":[4,1],"16":[1],"17":[4,3,3],"18":[1],"19":[0],"20":[0]}}
}
