TN:
SF:src/controllers/CustomerController.ts
FN:5,(anonymous_1)
FN:29,(anonymous_2)
FNF:2
FNH:2
FNDA:4,(anonymous_1)
FNDA:4,(anonymous_2)
DA:2,1
DA:6,4
DA:8,4
DA:9,1
DA:12,1
DA:15,3
DA:17,3
DA:18,1
DA:20,2
DA:21,1
DA:23,1
DA:30,4
DA:31,4
DA:32,4
DA:34,4
DA:36,4
DA:37,2
DA:38,1
DA:40,1
DA:42,2
DA:45,2
DA:49,1
LF:22
LH:22
BRDA:8,0,0,1
BRDA:8,1,0,4
BRDA:8,1,1,4
BRDA:8,1,2,4
BRDA:17,2,0,1
BRDA:17,2,1,2
BRDA:20,3,0,1
BRDA:20,3,1,1
BRDA:31,4,0,4
BRDA:31,4,1,3
BRDA:32,5,0,4
BRDA:32,5,1,3
BRDA:36,6,0,2
BRDA:36,7,0,4
BRDA:36,7,1,2
BRDA:37,8,0,1
BRDA:37,8,1,1
BRF:17
BRH:17
end_of_record
TN:
SF:src/controllers/MenuController.ts
FN:5,(anonymous_1)
FN:30,(anonymous_2)
FNF:2
FNH:2
FNDA:5,(anonymous_1)
FNDA:4,(anonymous_2)
DA:2,1
DA:6,5
DA:8,5
DA:9,1
DA:12,1
DA:15,4
DA:17,4
DA:18,1
DA:20,3
DA:21,1
DA:22,2
DA:23,1
DA:25,1
DA:31,4
DA:32,4
DA:33,4
DA:35,4
DA:37,4
DA:38,2
DA:40,2
DA:41,1
DA:43,1
DA:49,1
LF:23
LH:23
BRDA:8,0,0,1
BRDA:8,1,0,5
BRDA:8,1,1,5
BRDA:8,1,2,5
BRDA:8,1,3,4
BRDA:17,2,0,1
BRDA:17,2,1,3
BRDA:20,3,0,1
BRDA:20,3,1,2
BRDA:22,4,0,1
BRDA:22,4,1,1
BRDA:32,5,0,4
BRDA:32,5,1,3
BRDA:33,6,0,4
BRDA:33,6,1,3
BRDA:37,7,0,2
BRDA:37,7,1,2
BRDA:40,8,0,1
BRDA:40,8,1,1
BRF:19
BRH:19
end_of_record
TN:
SF:src/controllers/OrderController.ts
FN:5,(anonymous_1)
FN:34,(anonymous_2)
FN:60,(anonymous_3)
FNF:3
FNH:3
FNDA:8,(anonymous_1)
FNDA:5,(anonymous_2)
FNDA:9,(anonymous_3)
DA:2,1
DA:6,8
DA:8,8
DA:9,3
DA:12,3
DA:15,5
DA:17,5
DA:18,1
DA:20,4
DA:21,1
DA:22,3
DA:27,2
DA:29,1
DA:35,5
DA:36,5
DA:38,5
DA:39,1
DA:42,1
DA:45,4
DA:47,4
DA:48,1
DA:50,3
DA:51,1
DA:52,2
DA:53,1
DA:55,1
DA:61,9
DA:62,9
DA:64,9
DA:65,3
DA:68,3
DA:71,6
DA:73,6
DA:74,1
DA:76,5
DA:77,1
DA:78,4
DA:84,3
DA:86,1
DA:92,1
LF:40
LH:40
BRDA:8,0,0,3
BRDA:8,1,0,8
BRDA:8,1,1,8
BRDA:8,1,2,7
BRDA:8,1,3,6
BRDA:17,2,0,1
BRDA:17,2,1,4
BRDA:20,3,0,1
BRDA:20,3,1,3
BRDA:22,4,0,2
BRDA:22,4,1,1
BRDA:23,5,0,3
BRDA:23,5,1,2
BRDA:23,5,2,1
BRDA:38,6,0,1
BRDA:47,7,0,1
BRDA:47,7,1,3
BRDA:50,8,0,1
BRDA:50,8,1,2
BRDA:52,9,0,1
BRDA:52,9,1,1
BRDA:64,10,0,3
BRDA:64,11,0,9
BRDA:64,11,1,8
BRDA:64,11,2,7
BRDA:73,12,0,1
BRDA:73,12,1,5
BRDA:76,13,0,1
BRDA:76,13,1,4
BRDA:78,14,0,3
BRDA:78,14,1,1
BRDA:79,15,0,4
BRDA:79,15,1,3
BRDA:79,15,2,2
BRDA:79,15,3,2
BRF:35
BRH:35
end_of_record
TN:
SF:src/middlewares/logger.ts
FN:3,(anonymous_0)
FN:10,(anonymous_1)
FN:20,(anonymous_2)
FNF:3
FNH:0
FNDA:0,(anonymous_0)
FNDA:0,(anonymous_1)
FNDA:0,(anonymous_2)
DA:3,0
DA:4,0
DA:5,0
DA:7,0
DA:8,0
DA:10,0
DA:11,0
DA:12,0
DA:13,0
DA:14,0
DA:17,0
DA:20,0
DA:21,0
DA:22,0
DA:24,0
DA:25,0
DA:27,0
LF:17
LH:0
BRDA:22,0,0,0
BRDA:22,0,1,0
BRF:2
BRH:0
end_of_record
TN:
SF:src/models/Customer.ts
FNF:0
FNH:0
DA:1,8
DA:2,8
DA:13,8
DA:55,8
LF:4
LH:4
BRF:0
BRH:0
end_of_record
TN:
SF:src/models/MenuItem.ts
FN:4,(anonymous_1)
FNF:1
FNH:1
FNDA:9,(anonymous_1)
DA:1,9
DA:2,9
DA:4,9
DA:5,9
DA:6,9
DA:7,9
DA:8,9
DA:21,9
DA:66,9
LF:9
LH:9
BRDA:4,0,0,9
BRDA:4,0,1,9
BRF:2
BRH:2
end_of_record
TN:
SF:src/models/Order.ts
FN:5,(anonymous_1)
FNF:1
FNH:1
FNDA:9,(anonymous_1)
DA:1,9
DA:2,9
DA:5,9
DA:6,9
DA:7,9
DA:8,9
DA:9,9
DA:10,9
DA:23,9
DA:72,9
LF:10
LH:10
BRDA:5,0,0,9
BRDA:5,0,1,9
BRF:2
BRH:2
end_of_record
TN:
SF:src/models/OrderItem.ts
FN:82,(anonymous_1)
FNF:1
FNH:1
FNDA:32,(anonymous_1)
DA:1,8
DA:2,8
DA:17,8
DA:83,32
DA:84,32
DA:90,8
LF:6
LH:6
BRDA:83,0,0,32
BRDA:83,1,0,32
BRDA:83,1,1,32
BRF:3
BRH:3
end_of_record
TN:
SF:src/models/index.ts
FNF:0
FNH:0
DA:1,8
DA:2,8
DA:3,8
DA:4,8
DA:6,8
DA:7,8
DA:9,8
DA:10,8
DA:12,8
DA:13,8
DA:16,8
DA:17,8
DA:18,8
DA:19,8
LF:14
LH:14
BRF:0
BRH:0
end_of_record
TN:
SF:src/repositories/CustomerRepository.ts
FN:18,(anonymous_0)
FN:22,(anonymous_1)
FN:26,(anonymous_2)
FNF:3
FNH:3
FNDA:12,(anonymous_0)
FNDA:10,(anonymous_1)
FNDA:5,(anonymous_2)
DA:1,5
DA:19,12
DA:23,10
DA:27,5
DA:29,5
DA:47,5
LF:6
LH:6
BRF:0
BRH:0
end_of_record
TN:
SF:src/repositories/MenuRepository.ts
FN:25,(anonymous_1)
FN:29,(anonymous_2)
FN:41,(anonymous_3)
FNF:3
FNH:3
FNDA:23,(anonymous_1)
FNDA:9,(anonymous_2)
FNDA:2,(anonymous_3)
DA:1,3
DA:26,23
DA:30,9
DA:31,9
DA:33,9
DA:42,2
DA:46,3
LF:7
LH:7
BRDA:29,0,0,1
BRDA:31,1,0,4
BRDA:31,1,1,5
BRF:3
BRH:3
end_of_record
TN:
SF:src/repositories/OrderRepository.ts
FN:16,(anonymous_0)
FN:24,(anonymous_1)
FN:37,(anonymous_2)
FN:45,(anonymous_3)
FN:55,(anonymous_4)
FN:81,(anonymous_5)
FNF:6
FNH:6
FNDA:2,(anonymous_0)
FNDA:13,(anonymous_1)
FNDA:4,(anonymous_2)
FNDA:3,(anonymous_3)
FNDA:9,(anonymous_4)
FNDA:3,(anonymous_5)
DA:1,3
DA:3,3
DA:17,2
DA:25,13
DA:38,4
DA:39,4
DA:41,2
DA:42,2
DA:51,3
DA:52,3
DA:54,3
DA:55,9
DA:56,6
DA:58,6
DA:59,6
DA:60,6
DA:62,6
DA:70,6
DA:73,3
DA:78,3
DA:82,3
DA:89,3
LF:22
LH:22
BRDA:39,0,0,2
BRDA:56,1,0,0
BRF:2
BRH:1
end_of_record
TN:
SF:src/routes/customerRoutes.ts
FNF:0
FNH:0
DA:1,0
DA:2,0
DA:4,0
DA:6,0
DA:7,0
DA:9,0
LF:6
LH:0
BRF:0
BRH:0
end_of_record
TN:
SF:src/routes/menuRoutes.ts
FNF:0
FNH:0
DA:1,0
DA:2,0
DA:4,0
DA:6,0
DA:7,0
DA:9,0
LF:6
LH:0
BRF:0
BRH:0
end_of_record
TN:
SF:src/routes/orderRoutes.ts
FNF:0
FNH:0
DA:1,0
DA:2,0
DA:4,0
DA:6,0
DA:7,0
DA:8,0
DA:10,0
LF:7
LH:0
BRF:0
BRH:0
end_of_record
TN:
SF:src/services/CustomerService.ts
FN:30,(anonymous_1)
FN:66,(anonymous_2)
FN:80,(anonymous_3)
FN:83,(anonymous_4)
FNF:4
FNH:4
FNDA:7,(anonymous_1)
FNDA:3,(anonymous_2)
FNDA:11,(anonymous_3)
FNDA:2,(anonymous_4)
DA:1,2
DA:2,2
DA:31,7
DA:32,1
DA:38,6
DA:39,6
DA:40,5
DA:45,1
DA:46,1
DA:52,0
DA:53,0
DA:59,0
DA:67,3
DA:68,3
DA:70,3
DA:71,1
DA:77,2
DA:78,2
DA:80,2
DA:81,11
DA:83,11
DA:84,2
DA:85,2
DA:94,11
DA:103,2
DA:110,0
DA:118,2
LF:27
LH:23
BRDA:31,0,0,1
BRDA:31,1,0,7
BRDA:31,1,1,6
BRDA:31,1,2,6
BRDA:45,2,0,1
BRDA:52,3,0,0
BRDA:66,4,0,0
BRDA:66,5,0,0
BRDA:70,6,0,1
BRF:9
BRH:6
end_of_record
TN:
SF:src/services/MenuService.ts
FN:20,(anonymous_1)
FN:65,(anonymous_2)
FNF:2
FNH:2
FNDA:4,(anonymous_1)
FNDA:5,(anonymous_2)
DA:1,2
DA:2,2
DA:3,2
DA:21,4
DA:22,4
DA:23,1
DA:29,3
DA:30,1
DA:36,2
DA:37,2
DA:38,1
DA:44,1
DA:46,1
DA:51,0
DA:52,0
DA:58,0
DA:66,5
DA:67,5
DA:69,5
DA:70,2
DA:71,2
DA:72,1
DA:79,4
DA:81,4
DA:87,4
DA:97,0
DA:105,2
LF:27
LH:23
BRDA:22,0,0,1
BRDA:22,1,0,4
BRDA:22,1,1,3
BRDA:22,1,2,3
BRDA:22,1,3,3
BRDA:29,2,0,1
BRDA:37,3,0,1
BRDA:51,4,0,0
BRDA:67,5,0,0
BRDA:67,6,0,0
BRDA:69,7,0,2
BRDA:71,8,0,1
BRF:12
BRH:9
end_of_record
TN:
SF:src/services/OrderService.ts
FN:21,(anonymous_1)
FN:49,(anonymous_2)
FN:68,(anonymous_3)
FN:106,(anonymous_4)
FN:137,(anonymous_5)
FN:172,(anonymous_6)
FN:188,(anonymous_7)
FNF:7
FNH:7
FNDA:5,(anonymous_1)
FNDA:3,(anonymous_2)
FNDA:2,(anonymous_3)
FNDA:3,(anonymous_4)
FNDA:6,(anonymous_5)
FNDA:3,(anonymous_6)
FNDA:2,(anonymous_7)
DA:1,2
DA:2,2
DA:3,2
DA:5,2
DA:6,2
DA:22,5
DA:24,5
DA:25,5
DA:26,5
DA:27,1
DA:33,4
DA:34,1
DA:40,3
DA:41,4
DA:42,1
DA:49,3
DA:50,2
DA:54,2
DA:55,1
DA:61,1
DA:63,1
DA:68,2
DA:73,1
DA:80,1
DA:81,1
DA:83,1
DA:85,1
DA:86,0
DA:92,1
DA:97,0
DA:99,0
DA:107,3
DA:108,3
DA:109,3
DA:110,1
DA:116,2
DA:118,2
DA:119,1
DA:125,1
DA:130,0
DA:138,6
DA:140,6
DA:141,6
DA:142,1
DA:148,5
DA:149,5
DA:150,1
DA:156,4
DA:157,1
DA:163,3
DA:164,4
DA:165,1
DA:172,3
DA:173,2
DA:177,2
DA:178,1
DA:184,1
DA:186,1
DA:188,2
DA:193,1
DA:200,1
DA:201,1
DA:203,1
DA:205,1
DA:206,0
DA:212,1
DA:217,0
DA:219,0
DA:227,2
LF:69
LH:62
BRDA:26,0,0,1
BRDA:33,1,0,1
BRDA:33,2,0,4
BRDA:33,2,1,4
BRDA:33,2,2,4
BRDA:41,3,0,1
BRDA:41,4,0,4
BRDA:41,4,1,3
BRDA:41,4,2,3
BRDA:54,5,0,1
BRDA:85,6,0,0
BRDA:97,7,0,0
BRDA:109,8,0,1
BRDA:109,9,0,3
BRDA:109,9,1,3
BRDA:118,10,0,1
BRDA:141,11,0,1
BRDA:141,12,0,6
BRDA:141,12,1,6
BRDA:141,12,2,6
BRDA:149,13,0,1
BRDA:156,14,0,1
BRDA:156,15,0,4
BRDA:156,15,1,1
BRDA:164,16,0,1
BRDA:164,17,0,4
BRDA:164,17,1,3
BRDA:164,17,2,3
BRDA:177,18,0,1
BRDA:205,19,0,0
BRDA:217,20,0,0
BRF:31
BRH:27
end_of_record
